
Feb 11, 2022 21:57:17.453 NEW SESSION
Feb 11, 2022 21:57:17.453 [3240:6568:0211/215717.450:ERROR:data_pack.cc(126)] Could not open pak file for writing: The process cannot access the file because it is being used by another process. (0x20)
Feb 11, 2022 21:57:20.84 [3240:10036:0211/215720.083:ERROR:device_event_log_impl.cc(214)] [21:57:20.084] USB: usb_device_handle_win.cc:1049 Failed to read descriptor from node connection: A device attached to the system is not functioning. (0x1F)
Feb 11, 2022 21:57:20.84 [3240:10036:0211/215720.084:ERROR:device_event_log_impl.cc(214)] [21:57:20.084] USB: usb_device_handle_win.cc:1049 Failed to read descriptor from node connection: A device attached to the system is not functioning. (0x1F)
Feb 11, 2022 21:57:20.459 [3240:1100:0211/215720.459:ERROR:chrome_browser_main_extra_parts_metrics.cc(227)] START: ReportBluetoothAvailability(). If you don't see the END: message, this is crbug.com/1216328.
Feb 11, 2022 21:57:20.480 [3240:1100:0211/215720.480:ERROR:chrome_browser_main_extra_parts_metrics.cc(230)] END: ReportBluetoothAvailability()
Feb 11, 2022 21:57:20.480 [3240:1100:0211/215720.480:ERROR:chrome_browser_main_extra_parts_metrics.cc(235)] START: GetDefaultBrowser(). If you don't see the END: message, this is crbug.com/1216328.
Feb 11, 2022 21:57:20.483 [3240:1100:0211/215720.483:ERROR:chrome_browser_main_extra_parts_metrics.cc(239)] END: GetDefaultBrowser()
Feb 11, 2022 22:37:54.686 [10976:2788:0211/223754.683:ERROR:data_pack.cc(126)] Could not open pak file for writing: The process cannot access the file because it is being used by another process. (0x20)
Feb 11, 2022 22:37:57.171 [10976:11040:0211/223757.170:ERROR:chrome_browser_main_extra_parts_metrics.cc(227)] START: ReportBluetoothAvailability(). If you don't see the END: message, this is crbug.com/1216328.
Feb 11, 2022 22:37:57.172 [10976:11040:0211/223757.171:ERROR:chrome_browser_main_extra_parts_metrics.cc(230)] END: ReportBluetoothAvailability()
Feb 11, 2022 22:37:57.172 [10976:11040:0211/223757.171:ERROR:chrome_browser_main_extra_parts_metrics.cc(235)] START: GetDefaultBrowser(). If you don't see the END: message, this is crbug.com/1216328.
Feb 11, 2022 22:37:57.177 [10976:7332:0211/223757.177:ERROR:device_event_log_impl.cc(214)] [22:37:57.177] USB: usb_device_handle_win.cc:1049 Failed to read descriptor from node connection: A device attached to the system is not functioning. (0x1F)
Feb 11, 2022 22:37:57.182 [10976:7332:0211/223757.177:ERROR:device_event_log_impl.cc(214)] [22:37:57.178] USB: usb_device_handle_win.cc:1049 Failed to read descriptor from node connection: A device attached to the system is not functioning. (0x1F)
Feb 11, 2022 22:37:57.185 [10976:11040:0211/223757.185:ERROR:chrome_browser_main_extra_parts_metrics.cc(239)] END: GetDefaultBrowser()
Feb 12, 2022 01:40:49.183 [10976:3904:0212/014049.183:ERROR:connection_factory_impl.cc(425)] Failed to connect to MCS endpoint with error -130
Feb 12, 2022 08:30:38.129 [10976:3904:0212/083038.128:ERROR:connection_factory_impl.cc(425)] Failed to connect to MCS endpoint with error -130
Feb 12, 2022 08:30:38.131 [10976:4576:0212/083038.130:ERROR:get_updates_processor.cc(260)] PostClientToServerMessage() failed during GetUpdates with error 2
Feb 12, 2022 08:30:38.151 [10976:4576:0212/083038.151:ERROR:get_updates_processor.cc(260)] PostClientToServerMessage() failed during GetUpdates with error 2
Feb 12, 2022 08:30:41.886 [10976:9520:0212/083041.885:ERROR:get_updates_processor.cc(260)] PostClientToServerMessage() failed during GetUpdates with error 2
Feb 12, 2022 08:33:15.812 [10976:7332:0212/083315.812:ERROR:interface_endpoint_client.cc(658)] Message 0 rejected by interface blink.mojom.WidgetHost
Feb 12, 2022 08:35:22.459 [10976:7332:0212/083522.458:ERROR:interface_endpoint_client.cc(658)] Message 0 rejected by interface blink.mojom.WidgetHost
Feb 12, 2022 08:36:25.391 [10976:7332:0212/083625.391:ERROR:interface_endpoint_client.cc(658)] Message 0 rejected by interface blink.mojom.WidgetHost
Feb 12, 2022 08:38:45.932 [10976:7332:0212/083845.931:ERROR:interface_endpoint_client.cc(658)] Message 0 rejected by interface blink.mojom.WidgetHost
Feb 12, 2022 12:31:25.194 [10052:13020:0212/123125.191:ERROR:data_pack.cc(126)] Could not open pak file for writing: The process cannot access the file because it is being used by another process. (0x20)
Feb 12, 2022 12:31:28.561 [10052:12308:0212/123128.561:ERROR:chrome_browser_main_extra_parts_metrics.cc(227)] START: ReportBluetoothAvailability(). If you don't see the END: message, this is crbug.com/1216328.
Feb 12, 2022 12:31:28.585 [10052:12164:0212/123128.584:ERROR:device_event_log_impl.cc(214)] [12:31:28.584] USB: usb_device_handle_win.cc:1049 Failed to read descriptor from node connection: A device attached to the system is not functioning. (0x1F)
Feb 12, 2022 12:31:28.586 [10052:12164:0212/123128.585:ERROR:device_event_log_impl.cc(214)] [12:31:28.585] USB: usb_device_handle_win.cc:1049 Failed to read descriptor from node connection: A device attached to the system is not functioning. (0x1F)
Feb 12, 2022 12:31:28.710 [10052:12308:0212/123128.710:ERROR:chrome_browser_main_extra_parts_metrics.cc(230)] END: ReportBluetoothAvailability()
Feb 12, 2022 12:31:28.711 [10052:12308:0212/123128.710:ERROR:chrome_browser_main_extra_parts_metrics.cc(235)] START: GetDefaultBrowser(). If you don't see the END: message, this is crbug.com/1216328.
Feb 12, 2022 12:31:28.722 [10052:12308:0212/123128.722:ERROR:chrome_browser_main_extra_parts_metrics.cc(239)] END: GetDefaultBrowser()
Feb 12, 2022 13:43:20.714 [10052:1920:0212/134320.687:ERROR:connection_factory_impl.cc(425)] Failed to connect to MCS endpoint with error -130
Feb 12, 2022 13:43:59.244 [10052:1920:0212/134359.244:ERROR:connection_factory_impl.cc(425)] Failed to connect to MCS endpoint with error -130
Feb 12, 2022 13:44:06.740 [10052:12164:0212/134406.739:ERROR:device_event_log_impl.cc(214)] [13:44:06.739] USB: usb_service_win.cc:260 Failed to get device driver name: Element not found. (0x490)

Feb 12, 2022 21:58:02.902 NEW SESSION
Feb 12, 2022 21:58:02.902 [5512:8552:0212/215802.900:ERROR:data_pack.cc(126)] Could not open pak file for writing: The process cannot access the file because it is being used by another process. (0x20)
Feb 12, 2022 21:58:05.297 [5512:7048:0212/215805.296:ERROR:chrome_browser_main_extra_parts_metrics.cc(227)] START: ReportBluetoothAvailability(). If you don't see the END: message, this is crbug.com/1216328.
Feb 12, 2022 21:58:05.300 [5512:4564:0212/215805.299:ERROR:device_event_log_impl.cc(214)] [21:58:05.300] USB: usb_device_handle_win.cc:1049 Failed to read descriptor from node connection: A device attached to the system is not functioning. (0x1F)
Feb 12, 2022 21:58:05.300 [5512:4564:0212/215805.299:ERROR:device_event_log_impl.cc(214)] [21:58:05.300] USB: usb_device_handle_win.cc:1049 Failed to read descriptor from node connection: A device attached to the system is not functioning. (0x1F)
Feb 12, 2022 21:58:05.323 [5512:7048:0212/215805.323:ERROR:chrome_browser_main_extra_parts_metrics.cc(230)] END: ReportBluetoothAvailability()
Feb 12, 2022 21:58:05.324 [5512:7048:0212/215805.324:ERROR:chrome_browser_main_extra_parts_metrics.cc(235)] START: GetDefaultBrowser(). If you don't see the END: message, this is crbug.com/1216328.
Feb 12, 2022 21:58:05.331 [5512:7048:0212/215805.330:ERROR:chrome_browser_main_extra_parts_metrics.cc(239)] END: GetDefaultBrowser()
Feb 12, 2022 21:58:14.964 [5512:3028:0212/215814.963:ERROR:get_updates_processor.cc(260)] PostClientToServerMessage() failed during GetUpdates with error 2
Feb 12, 2022 22:17:06.687 [5512:4564:0212/221706.685:ERROR:interface_endpoint_client.cc(658)] Message 0 rejected by interface blink.mojom.WidgetHost
Feb 12, 2022 22:31:44.511 [1508:1760:0212/223144.510:ERROR:data_pack.cc(126)] Could not open pak file for writing: The process cannot access the file because it is being used by another process. (0x20)
Feb 12, 2022 22:31:47.51 [1508:2492:0212/223147.050:ERROR:chrome_browser_main_extra_parts_metrics.cc(227)] START: ReportBluetoothAvailability(). If you don't see the END: message, this is crbug.com/1216328.
Feb 12, 2022 22:31:47.52 [1508:7272:0212/223147.051:ERROR:device_event_log_impl.cc(214)] [22:31:47.050] USB: usb_device_handle_win.cc:1049 Failed to read descriptor from node connection: A device attached to the system is not functioning. (0x1F)
Feb 12, 2022 22:31:47.53 [1508:7272:0212/223147.052:ERROR:device_event_log_impl.cc(214)] [22:31:47.051] USB: usb_device_handle_win.cc:1049 Failed to read descriptor from node connection: A device attached to the system is not functioning. (0x1F)
Feb 12, 2022 22:31:47.54 [1508:2492:0212/223147.054:ERROR:chrome_browser_main_extra_parts_metrics.cc(230)] END: ReportBluetoothAvailability()
Feb 12, 2022 22:31:47.64 [1508:2492:0212/223147.063:ERROR:chrome_browser_main_extra_parts_metrics.cc(235)] START: GetDefaultBrowser(). If you don't see the END: message, this is crbug.com/1216328.
Feb 12, 2022 22:31:47.75 [1508:2492:0212/223147.075:ERROR:chrome_browser_main_extra_parts_metrics.cc(239)] END: GetDefaultBrowser()

Feb 13, 2022 10:04:40.164 NEW SESSION
Feb 13, 2022 10:04:40.164 [8072:8080:0213/100440.140:ERROR:data_pack.cc(126)] Could not open pak file for writing: The process cannot access the file because it is being used by another process. (0x20)
Feb 13, 2022 10:04:42.564 [8072:10172:0213/100442.564:ERROR:chrome_browser_main_extra_parts_metrics.cc(227)] START: ReportBluetoothAvailability(). If you don't see the END: message, this is crbug.com/1216328.
Feb 13, 2022 10:04:42.565 [8072:10172:0213/100442.565:ERROR:chrome_browser_main_extra_parts_metrics.cc(230)] END: ReportBluetoothAvailability()
Feb 13, 2022 10:04:42.568 [8072:6892:0213/100442.568:ERROR:device_event_log_impl.cc(214)] [10:04:42.568] USB: usb_device_handle_win.cc:1049 Failed to read descriptor from node connection: A device attached to the system is not functioning. (0x1F)
Feb 13, 2022 10:04:42.569 [8072:6892:0213/100442.568:ERROR:device_event_log_impl.cc(214)] [10:04:42.568] USB: usb_device_handle_win.cc:1049 Failed to read descriptor from node connection: A device attached to the system is not functioning. (0x1F)
Feb 13, 2022 10:04:42.570 [8072:10172:0213/100442.570:ERROR:chrome_browser_main_extra_parts_metrics.cc(235)] START: GetDefaultBrowser(). If you don't see the END: message, this is crbug.com/1216328.
Feb 13, 2022 10:04:42.573 [8072:10172:0213/100442.573:ERROR:chrome_browser_main_extra_parts_metrics.cc(239)] END: GetDefaultBrowser()
Feb 13, 2022 10:13:11.483 [8072:6892:0213/101311.480:ERROR:device_event_log_impl.cc(214)] [10:13:11.480] USB: usb_service_win.cc:260 Failed to get device driver name: Element not found. (0x490)
Feb 13, 2022 13:33:53.619 [8072:10188:0213/133353.618:ERROR:connection_factory_impl.cc(425)] Failed to connect to MCS endpoint with error -130
Feb 13, 2022 17:32:49.448 [8072:6584:0213/173249.448:ERROR:get_updates_processor.cc(260)] PostClientToServerMessage() failed during GetUpdates with error 2
Feb 13, 2022 17:32:49.455 [8072:10188:0213/173249.449:ERROR:connection_factory_impl.cc(425)] Failed to connect to MCS endpoint with error -130
Feb 13, 2022 17:32:50.968 [8072:10188:0213/173250.968:ERROR:connection_factory_impl.cc(425)] Failed to connect to MCS endpoint with error -130
Feb 14, 2022 09:58:21.997 [4228:6536:0214/095821.997:ERROR:chrome_browser_main_extra_parts_metrics.cc(227)] START: ReportBluetoothAvailability(). If you don't see the END: message, this is crbug.com/1216328.
Feb 14, 2022 09:58:22.00 [4228:11636:0214/095822.000:ERROR:device_event_log_impl.cc(214)] [09:58:22.000] USB: usb_device_handle_win.cc:1049 Failed to read descriptor from node connection: A device attached to the system is not functioning. (0x1F)
Feb 14, 2022 09:58:22.02 [4228:11636:0214/095822.000:ERROR:device_event_log_impl.cc(214)] [09:58:22.000] USB: usb_device_handle_win.cc:1049 Failed to read descriptor from node connection: A device attached to the system is not functioning. (0x1F)
Feb 14, 2022 09:58:22.26 [4228:6536:0214/095822.026:ERROR:chrome_browser_main_extra_parts_metrics.cc(230)] END: ReportBluetoothAvailability()
Feb 14, 2022 09:58:22.28 [4228:6536:0214/095822.026:ERROR:chrome_browser_main_extra_parts_metrics.cc(235)] START: GetDefaultBrowser(). If you don't see the END: message, this is crbug.com/1216328.
Feb 14, 2022 09:58:22.37 [4228:6536:0214/095822.037:ERROR:chrome_browser_main_extra_parts_metrics.cc(239)] END: GetDefaultBrowser()
Feb 14, 2022 09:58:31.839 [4228:1940:0214/095831.836:ERROR:get_updates_processor.cc(260)] PostClientToServerMessage() failed during GetUpdates with error 2
Feb 14, 2022 12:36:34.204 [4228:12260:0214/123634.199:ERROR:connection_factory_impl.cc(425)] Failed to connect to MCS endpoint with error -7
Feb 14, 2022 12:45:00.856 [4228:12260:0214/124500.855:ERROR:connection_factory_impl.cc(425)] Failed to connect to MCS endpoint with error -130
Feb 14, 2022 14:30:37.448 [4228:12260:0214/143036.986:ERROR:connection_factory_impl.cc(425)] Failed to connect to MCS endpoint with error -7
Feb 14, 2022 14:30:37.472 [4228:3336:0214/143037.167:ERROR:get_updates_processor.cc(260)] PostClientToServerMessage() failed during GetUpdates with error 2
Feb 14, 2022 14:30:40.838 [4228:9800:0214/143040.838:ERROR:get_updates_processor.cc(260)] PostClientToServerMessage() failed during GetUpdates with error 2
Feb 14, 2022 17:49:17.45 [4228:11636:0214/174917.042:ERROR:device_event_log_impl.cc(214)] [17:49:17.041] USB: usb_service_win.cc:260 Failed to get device driver name: Element not found. (0x490)
Feb 14, 2022 17:51:35.865 [4228:12260:0214/175135.864:ERROR:connection_factory_impl.cc(425)] Failed to connect to MCS endpoint with error -130
Feb 14, 2022 17:51:36.858 [4228:11636:0214/175136.858:ERROR:fallback_task_provider.cc(123)] Every renderer should have at least one task provided by a primary task provider. If a "Renderer" fallback task is shown, it is a bug. If you have repro steps, please file a new bug and tag it as a dependency of crbug.com/739782.
Feb 14, 2022 18:31:08.112 [4228:12260:0214/183108.109:ERROR:connection_factory_impl.cc(425)] Failed to connect to MCS endpoint with error -130
Feb 14, 2022 18:35:32.297 [4228:12260:0214/183532.297:ERROR:connection_factory_impl.cc(425)] Failed to connect to MCS endpoint with error -130
Feb 14, 2022 18:40:31.895 [4228:12260:0214/184031.895:ERROR:connection_factory_impl.cc(425)] Failed to connect to MCS endpoint with error -130
Feb 14, 2022 21:13:21.99 [4228:12260:0214/211320.982:ERROR:connection_factory_impl.cc(425)] Failed to connect to MCS endpoint with error -7
Feb 14, 2022 21:13:21.975 [4228:12260:0214/211321.974:ERROR:connection_factory_impl.cc(425)] Failed to connect to MCS endpoint with error -130
Feb 14, 2022 21:13:28.129 [4228:12260:0214/211328.129:ERROR:connection_factory_impl.cc(425)] Failed to connect to MCS endpoint with error -130
Feb 15, 2022 01:51:17.918 [4228:12260:0215/015117.917:ERROR:connection_factory_impl.cc(425)] Failed to connect to MCS endpoint with error -130
Feb 15, 2022 08:49:23.306 [4228:12260:0215/084923.306:ERROR:connection_factory_impl.cc(425)] Failed to connect to MCS endpoint with error -130
Feb 15, 2022 08:49:23.380 [4228:5236:0215/084923.379:ERROR:get_updates_processor.cc(260)] PostClientToServerMessage() failed during GetUpdates with error 2
Feb 15, 2022 08:49:24.201 [4228:12260:0215/084924.201:ERROR:connection_factory_impl.cc(425)] Failed to connect to MCS endpoint with error -130
Feb 15, 2022 08:49:31.776 [4228:2072:0215/084931.775:ERROR:get_updates_processor.cc(260)] PostClientToServerMessage() failed during GetUpdates with error 2
Feb 15, 2022 10:51:14.358 [4228:12260:0215/105114.330:ERROR:connection_factory_impl.cc(425)] Failed to connect to MCS endpoint with error -7
Feb 15, 2022 10:51:22.392 [4228:12260:0215/105122.392:ERROR:connection_factory_impl.cc(425)] Failed to connect to MCS endpoint with error -130
Feb 15, 2022 10:51:23.935 [4228:12260:0215/105123.934:ERROR:connection_factory_impl.cc(425)] Failed to connect to MCS endpoint with error -130
Feb 15, 2022 10:53:18.385 [4228:12260:0215/105318.385:ERROR:connection_factory_impl.cc(425)] Failed to connect to MCS endpoint with error -130
Feb 15, 2022 14:36:32.179 [4228:12260:0215/143632.137:ERROR:connection_factory_impl.cc(425)] Failed to connect to MCS endpoint with error -130
Feb 16, 2022 08:44:03.462 [4228:12260:0216/084403.445:ERROR:connection_factory_impl.cc(425)] Failed to connect to MCS endpoint with error -130
Feb 16, 2022 08:44:03.477 [4228:9012:0216/084403.447:ERROR:get_updates_processor.cc(260)] PostClientToServerMessage() failed during GetUpdates with error 2
Feb 16, 2022 08:44:37.876 [4228:12260:0216/084437.875:ERROR:connection_factory_impl.cc(425)] Failed to connect to MCS endpoint with error -130
Feb 16, 2022 08:44:39.420 [4228:12260:0216/084439.420:ERROR:connection_factory_impl.cc(425)] Failed to connect to MCS endpoint with error -130
Feb 16, 2022 08:44:49.446 [4228:6544:0216/084449.446:ERROR:gcm_store_impl.cc(652)] LevelDB remove failed: NotFound: 
Feb 16, 2022 08:44:49.448 [4228:12260:0216/084449.446:ERROR:mcs_client.cc(526)] GCM Update failed!
Feb 16, 2022 11:04:11.319 [4228:12260:0216/110411.314:ERROR:connection_factory_impl.cc(425)] Failed to connect to MCS endpoint with error -130
Feb 16, 2022 11:04:14.409 [4228:12260:0216/110414.409:ERROR:connection_factory_impl.cc(425)] Failed to connect to MCS endpoint with error -130
Feb 16, 2022 11:04:17.140 [4228:12260:0216/110417.138:ERROR:connection_factory_impl.cc(425)] Failed to connect to MCS endpoint with error -130
Feb 16, 2022 11:06:16.96 [4228:12260:0216/110616.093:ERROR:connection_factory_impl.cc(425)] Failed to connect to MCS endpoint with error -130
Feb 16, 2022 11:06:38.385 [4228:12260:0216/110638.385:ERROR:connection_factory_impl.cc(425)] Failed to connect to MCS endpoint with error -130
Feb 16, 2022 11:07:24.928 [4228:12260:0216/110724.925:ERROR:connection_factory_impl.cc(425)] Failed to connect to MCS endpoint with error -7
Feb 16, 2022 11:15:32.811 [4228:12260:0216/111532.810:ERROR:connection_factory_impl.cc(425)] Failed to connect to MCS endpoint with error -130
Feb 16, 2022 11:15:41.698 [4228:12260:0216/111541.697:ERROR:connection_factory_impl.cc(425)] Failed to connect to MCS endpoint with error -130
Feb 16, 2022 11:15:45.850 [4228:12260:0216/111545.847:ERROR:connection_factory_impl.cc(425)] Failed to connect to MCS endpoint with error -130
Feb 16, 2022 11:17:09.431 [4228:12260:0216/111709.429:ERROR:connection_factory_impl.cc(425)] Failed to connect to MCS endpoint with error -130
Feb 16, 2022 11:17:35.116 [4228:12260:0216/111735.116:ERROR:connection_factory_impl.cc(425)] Failed to connect to MCS endpoint with error -130
Feb 16, 2022 11:17:45.706 [4228:12260:0216/111745.705:ERROR:connection_factory_impl.cc(425)] Failed to connect to MCS endpoint with error -130
Feb 16, 2022 11:17:59.439 [4228:12260:0216/111759.438:ERROR:connection_factory_impl.cc(425)] Failed to connect to MCS endpoint with error -130
Feb 16, 2022 11:18:31.155 [4228:12260:0216/111831.155:ERROR:connection_factory_impl.cc(425)] Failed to connect to MCS endpoint with error -130
Feb 16, 2022 11:18:56.924 [4228:12260:0216/111856.922:ERROR:connection_factory_impl.cc(425)] Failed to connect to MCS endpoint with error -130
Feb 16, 2022 11:33:45.860 [4228:12480:0216/113345.858:ERROR:get_updates_processor.cc(260)] PostClientToServerMessage() failed during GetUpdates with error 2
Feb 16, 2022 11:34:38.883 [4228:11596:0216/113438.879:ERROR:get_updates_processor.cc(260)] PostClientToServerMessage() failed during GetUpdates with error 2
Feb 16, 2022 11:36:39.414 [4228:11548:0216/113639.410:ERROR:get_updates_processor.cc(260)] PostClientToServerMessage() failed during GetUpdates with error 2
Feb 16, 2022 12:25:24.797 [4228:12260:0216/122524.794:ERROR:connection_factory_impl.cc(425)] Failed to connect to MCS endpoint with error -130
Feb 16, 2022 12:26:07.881 [4228:12260:0216/122607.880:ERROR:connection_factory_impl.cc(425)] Failed to connect to MCS endpoint with error -130
Feb 16, 2022 12:29:05.841 [4228:12260:0216/122905.840:ERROR:connection_factory_impl.cc(425)] Failed to connect to MCS endpoint with error -130
Feb 16, 2022 12:29:32.94 [4228:12260:0216/122932.093:ERROR:connection_factory_impl.cc(425)] Failed to connect to MCS endpoint with error -130
Feb 16, 2022 12:48:55.14 [4228:12260:0216/124855.014:ERROR:connection_factory_impl.cc(425)] Failed to connect to MCS endpoint with error -130
Feb 16, 2022 12:49:05.809 [4228:12260:0216/124905.809:ERROR:connection_factory_impl.cc(425)] Failed to connect to MCS endpoint with error -130
Feb 16, 2022 12:49:28.68 [4228:12260:0216/124928.068:ERROR:connection_factory_impl.cc(425)] Failed to connect to MCS endpoint with error -130
Feb 16, 2022 12:49:29.583 [4228:12260:0216/124929.582:ERROR:connection_factory_impl.cc(425)] Failed to connect to MCS endpoint with error -130
Feb 16, 2022 12:49:39.726 [4228:12260:0216/124939.725:ERROR:connection_factory_impl.cc(425)] Failed to connect to MCS endpoint with error -130
Feb 16, 2022 12:49:53.689 [4228:12260:0216/124953.689:ERROR:connection_factory_impl.cc(425)] Failed to connect to MCS endpoint with error -130
Feb 16, 2022 12:50:42.469 [4228:12260:0216/125042.469:ERROR:connection_factory_impl.cc(425)] Failed to connect to MCS endpoint with error -130
Feb 16, 2022 12:56:44.218 [4228:12260:0216/125644.218:ERROR:connection_factory_impl.cc(425)] Failed to connect to MCS endpoint with error -130
Feb 16, 2022 12:57:05.821 [4228:12260:0216/125705.821:ERROR:connection_factory_impl.cc(425)] Failed to connect to MCS endpoint with error -130
Feb 16, 2022 13:35:15.353 [4228:12260:0216/133515.292:ERROR:connection_factory_impl.cc(425)] Failed to connect to MCS endpoint with error -130
Feb 16, 2022 14:36:59.840 [4228:12260:0216/143659.839:ERROR:connection_factory_impl.cc(425)] Failed to connect to MCS endpoint with error -7
Feb 16, 2022 14:37:01.05 [4228:12260:0216/143701.005:ERROR:connection_factory_impl.cc(425)] Failed to connect to MCS endpoint with error -130
Feb 16, 2022 14:44:33.370 [4228:12260:0216/144433.370:ERROR:connection_factory_impl.cc(425)] Failed to connect to MCS endpoint with error -7
Feb 16, 2022 14:44:34.885 [4228:12260:0216/144434.885:ERROR:connection_factory_impl.cc(425)] Failed to connect to MCS endpoint with error -130
Feb 16, 2022 14:46:13.880 [4228:12260:0216/144613.880:ERROR:connection_factory_impl.cc(425)] Failed to connect to MCS endpoint with error -130
Feb 16, 2022 17:32:03.962 [4228:12260:0216/173203.827:ERROR:connection_factory_impl.cc(425)] Failed to connect to MCS endpoint with error -130
Feb 16, 2022 17:32:04.182 [4228:9812:0216/173204.175:ERROR:get_updates_processor.cc(260)] PostClientToServerMessage() failed during GetUpdates with error 2
Feb 16, 2022 17:32:05.375 [4228:12260:0216/173205.375:ERROR:connection_factory_impl.cc(425)] Failed to connect to MCS endpoint with error -130
Feb 16, 2022 17:32:15.16 [4228:404:0216/173215.004:ERROR:get_updates_processor.cc(260)] PostClientToServerMessage() failed during GetUpdates with error 2
Feb 16, 2022 17:32:36.476 [4228:12260:0216/173236.476:ERROR:connection_factory_impl.cc(425)] Failed to connect to MCS endpoint with error -130
Feb 16, 2022 17:32:37.997 [4228:12260:0216/173237.997:ERROR:connection_factory_impl.cc(425)] Failed to connect to MCS endpoint with error -130
Feb 16, 2022 18:35:20.98 [4228:11636:0216/183520.093:ERROR:interface_endpoint_client.cc(658)] Message 5 rejected by interface blink.mojom.WidgetHost
Feb 16, 2022 18:35:26.291 [4228:11636:0216/183526.291:ERROR:interface_endpoint_client.cc(658)] Message 5 rejected by interface blink.mojom.WidgetHost

Feb 17, 2022 10:41:06.962 NEW SESSION
Feb 17, 2022 10:41:06.963 [384:1268:0217/104106.888:ERROR:chrome_browser_main_extra_parts_metrics.cc(227)] START: ReportBluetoothAvailability(). If you don't see the END: message, this is crbug.com/1216328.
Feb 17, 2022 10:41:06.964 [384:4104:0217/104106.903:ERROR:device_event_log_impl.cc(214)] [10:41:06.903] USB: usb_device_handle_win.cc:1049 Failed to read descriptor from node connection: A device attached to the system is not functioning. (0x1F)
Feb 17, 2022 10:41:06.965 [384:4104:0217/104106.962:ERROR:device_event_log_impl.cc(214)] [10:41:06.962] USB: usb_device_handle_win.cc:1049 Failed to read descriptor from node connection: A device attached to the system is not functioning. (0x1F)
Feb 17, 2022 10:41:06.985 [384:1268:0217/104106.985:ERROR:chrome_browser_main_extra_parts_metrics.cc(230)] END: ReportBluetoothAvailability()
Feb 17, 2022 10:41:06.987 [384:1268:0217/104106.986:ERROR:chrome_browser_main_extra_parts_metrics.cc(235)] START: GetDefaultBrowser(). If you don't see the END: message, this is crbug.com/1216328.
Feb 17, 2022 10:41:07.01 [384:1268:0217/104107.001:ERROR:chrome_browser_main_extra_parts_metrics.cc(239)] END: GetDefaultBrowser()
Feb 17, 2022 10:41:18.234 [384:10856:0217/104118.234:ERROR:registration_request.cc(247)] Registration URL fetching failed.
Feb 17, 2022 10:46:12.557 [384:10856:0217/104612.556:ERROR:connection_factory_impl.cc(425)] Failed to connect to MCS endpoint with error -130
Feb 17, 2022 11:22:22.972 [384:10856:0217/112222.824:ERROR:connection_factory_impl.cc(425)] Failed to connect to MCS endpoint with error -130
Feb 17, 2022 11:22:23.717 [384:10856:0217/112223.717:ERROR:connection_factory_impl.cc(425)] Failed to connect to MCS endpoint with error -130
Feb 17, 2022 11:43:36.63 [384:10856:0217/114336.058:ERROR:connection_factory_impl.cc(425)] Failed to connect to MCS endpoint with error -130
Feb 17, 2022 11:43:43.884 [384:10856:0217/114343.883:ERROR:connection_factory_impl.cc(425)] Failed to connect to MCS endpoint with error -130
Feb 17, 2022 11:45:12.980 [384:10856:0217/114512.977:ERROR:connection_factory_impl.cc(425)] Failed to connect to MCS endpoint with error -130
Feb 17, 2022 13:29:49.460 [384:10856:0217/132949.314:ERROR:connection_factory_impl.cc(425)] Failed to connect to MCS endpoint with error -7
Feb 17, 2022 14:33:35.213 [384:4104:0217/143335.212:ERROR:fallback_task_provider.cc(123)] Every renderer should have at least one task provided by a primary task provider. If a "Renderer" fallback task is shown, it is a bug. If you have repro steps, please file a new bug and tag it as a dependency of crbug.com/739782.
Feb 17, 2022 14:33:43.514 [384:4104:0217/143343.514:ERROR:device_event_log_impl.cc(214)] [14:33:43.513] USB: usb_service_win.cc:260 Failed to get device driver name: Element not found. (0x490)
